[debug] [2025-03-13T17:42:21.676Z] ----------------------------------------------------------------------
[debug] [2025-03-13T17:42:21.677Z] Command:       C:\Program Files\nodejs\node.exe C:\Users\Usuario\AppData\Roaming\npm\node_modules\firebase-tools\lib\bin\firebase.js init
[debug] [2025-03-13T17:42:21.678Z] CLI Version:   13.31.2
[debug] [2025-03-13T17:42:21.678Z] Platform:      win32
[debug] [2025-03-13T17:42:21.678Z] Node Version:  v20.17.0
[debug] [2025-03-13T17:42:21.678Z] Time:          Thu Mar 13 2025 12:42:21 GMT-0500 (hora estándar de Colombia)
[debug] [2025-03-13T17:42:21.678Z] ----------------------------------------------------------------------
[debug] 
[debug] [2025-03-13T17:42:21.818Z] > command requires scopes: ["email","openid","https://www.googleapis.com/auth/cloudplatformprojects.readonly","https://www.googleapis.com/auth/firebase","https://www.googleapis.com/auth/cloud-platform"]
[debug] [2025-03-13T17:42:21.819Z] > authorizing via signed-in user (angie.navarro.angarita@gmail.com)
[info] 
     ######## #### ########  ######## ########     ###     ######  ########
     ##        ##  ##     ## ##       ##     ##  ##   ##  ##       ##
     ######    ##  ########  ######   ########  #########  ######  ######
     ##        ##  ##    ##  ##       ##     ## ##     ##       ## ##
     ##       #### ##     ## ######## ########  ##     ##  ######  ########

You're about to initialize a Firebase project in this directory:

  C:\Users\Usuario\OneDrive\Documentos\Platzi\Angular\todoapp

Before we get started, keep in mind:

  * You are initializing within an existing Firebase project directory

